<?xml version="1.0" encoding="UTF-8"?>
<testng-results ignored="0" total="3" passed="3" failed="0" skipped="0">
  <reporter-output>
  </reporter-output>
  <suite started-at="2021-01-19T21:05:30 IST" name="Default suite" finished-at="2021-01-19T21:06:58 IST" duration-ms="88453">
    <groups>
    </groups>
    <test started-at="2021-01-19T21:05:30 IST" name="Default test" finished-at="2021-01-19T21:06:58 IST" duration-ms="88453">
      <class name="com.pom.testcases.Loginpagetest">
        <test-method is-config="true" signature="setup()[pri:0, instance:com.pom.testcases.Loginpagetest@63376bed]" started-at="2021-01-19T21:05:30 IST" name="setup" finished-at="2021-01-19T21:05:58 IST" duration-ms="27869" status="PASS">
          <reporter-output>
          </reporter-output>
        </test-method> <!-- setup -->
        <test-method signature="verifyloginpagetitletest()[pri:1, instance:com.pom.testcases.Loginpagetest@63376bed]" started-at="2021-01-19T21:05:58 IST" name="verifyloginpagetitletest" finished-at="2021-01-19T21:05:58 IST" duration-ms="12" status="PASS">
          <reporter-output>
          </reporter-output>
        </test-method> <!-- verifyloginpagetitletest -->
        <test-method is-config="true" signature="teardown()[pri:0, instance:com.pom.testcases.Loginpagetest@63376bed]" started-at="2021-01-19T21:05:58 IST" name="teardown" finished-at="2021-01-19T21:06:00 IST" duration-ms="1702" status="PASS">
          <reporter-output>
          </reporter-output>
        </test-method> <!-- teardown -->
        <test-method is-config="true" signature="setup()[pri:0, instance:com.pom.testcases.Loginpagetest@63376bed]" started-at="2021-01-19T21:06:00 IST" name="setup" finished-at="2021-01-19T21:06:21 IST" duration-ms="21341" status="PASS">
          <reporter-output>
          </reporter-output>
        </test-method> <!-- setup -->
        <test-method signature="verifyurltest()[pri:2, instance:com.pom.testcases.Loginpagetest@63376bed]" started-at="2021-01-19T21:06:21 IST" name="verifyurltest" finished-at="2021-01-19T21:06:21 IST" duration-ms="13" status="PASS">
          <reporter-output>
          </reporter-output>
        </test-method> <!-- verifyurltest -->
        <test-method is-config="true" signature="teardown()[pri:0, instance:com.pom.testcases.Loginpagetest@63376bed]" started-at="2021-01-19T21:06:21 IST" name="teardown" finished-at="2021-01-19T21:06:23 IST" duration-ms="1704" status="PASS">
          <reporter-output>
          </reporter-output>
        </test-method> <!-- teardown -->
        <test-method is-config="true" signature="setup()[pri:0, instance:com.pom.testcases.Loginpagetest@63376bed]" started-at="2021-01-19T21:06:23 IST" name="setup" finished-at="2021-01-19T21:06:47 IST" duration-ms="24615" status="PASS">
          <reporter-output>
          </reporter-output>
        </test-method> <!-- setup -->
        <test-method signature="loogintest()[pri:3, instance:com.pom.testcases.Loginpagetest@63376bed]" started-at="2021-01-19T21:06:47 IST" name="loogintest" finished-at="2021-01-19T21:06:57 IST" duration-ms="9322" status="PASS">
          <reporter-output>
          </reporter-output>
        </test-method> <!-- loogintest -->
        <test-method is-config="true" signature="teardown()[pri:0, instance:com.pom.testcases.Loginpagetest@63376bed]" started-at="2021-01-19T21:06:57 IST" name="teardown" finished-at="2021-01-19T21:06:58 IST" duration-ms="1831" status="PASS">
          <reporter-output>
          </reporter-output>
        </test-method> <!-- teardown -->
      </class> <!-- com.pom.testcases.Loginpagetest -->
    </test> <!-- Default test -->
  </suite> <!-- Default suite -->
</testng-results>
