<?xml version="1.0" encoding="UTF-8"?>
<!-- Generated by org.testng.reporters.JUnitXMLReporter -->
<testsuite ignored="0" hostname="DESKTOP-S4I1B9H" failures="0" tests="3" name="Default test" time="88.453" errors="0" timestamp="2021-01-19T21:06:59 IST">
  <testcase classname="com.pom.testcases.Loginpagetest" name="verifyloginpagetitletest" time="0.012"/>
  <testcase classname="com.pom.testcases.Loginpagetest" name="verifyurltest" time="0.013"/>
  <testcase classname="com.pom.testcases.Loginpagetest" name="loogintest" time="9.322"/>
</testsuite> <!-- Default test -->
