<?xml version="1.0" encoding="UTF-8"?>
<!-- Generated by org.testng.reporters.JUnitXMLReporter -->
<testsuite ignored="0" hostname="DESKTOP-S4I1B9H" failures="1" tests="8" name="Testng Features" time="210.579" errors="0" timestamp="2021-01-03T11:25:49 IST">
  <testcase classname="com.testng.googletitle" name="display" time="0.369"/>
  <testcase classname="com.testng.googletitle" name="url" time="0.082"/>
  <testcase classname="com.testng.googletitle" name="title" time="0.02"/>
  <testcase classname="com.testng.ValiedateTitle" name="title1" time="0.026">
    <failure type="java.lang.AssertionError" message="the title is not matched expected [Register] but found [Instagram]">
      <![CDATA[java.lang.AssertionError: the title is not matched expected [Register] but found [Instagram]
at com.testng.ValiedateTitle.title1(ValiedateTitle.java:44)
at java.base/java.util.ArrayList.forEach(ArrayList.java:1541)
... Removed 32 stack frames]]>
    </failure>
  </testcase> <!-- title1 -->
  <testcase classname="com.testng.invocationcount" name="url" time="0.024"/>
  <testcase classname="com.testng.invocationcount" name="title" time="0.018"/>
  <testcase classname="com.testng.invocationcount" name="title" time="0.017"/>
  <testcase classname="com.testng.invocationcount" name="title" time="0.019"/>
</testsuite> <!-- Testng Features -->
